execve("./a.out", ["./a.out"], [/* 24 vars */]) = 0
brk(NULL)                               = 0x12cc000
mmap(NULL, 4096, PROT_READ|PROT_WRITE, MAP_PRIVATE|MAP_ANONYMOUS, -1, 0) = 0x7f640901a000
access("/etc/ld.so.preload", R_OK)      = -1 ENOENT (No such file or directory)
open("/etc/ld.so.cache", O_RDONLY|O_CLOEXEC) = 3
fstat(3, {st_mode=S_IFREG|0644, st_size=20001, ...}) = 0
mmap(NULL, 20001, PROT_READ, MAP_PRIVATE, 3, 0) = 0x7f6409015000
close(3)                                = 0
open("/lib64/libc.so.6", O_RDONLY|O_CLOEXEC) = 3
read(3, "\177ELF\2\1\1\3\0\0\0\0\0\0\0\0\3\0>\0\1\0\0\0\340$\2\0\0\0\0\0"..., 832) = 832
fstat(3, {st_mode=S_IFREG|0755, st_size=2151672, ...}) = 0
mmap(NULL, 3981792, PROT_READ|PROT_EXEC, MAP_PRIVATE|MAP_DENYWRITE, 3, 0) = 0x7f6408a2d000
mprotect(0x7f6408bef000, 2097152, PROT_NONE) = 0
mmap(0x7f6408def000, 24576, PROT_READ|PROT_WRITE, MAP_PRIVATE|MAP_FIXED|MAP_DENYWRITE, 3, 0x1c2000) = 0x7f6408def000
mmap(0x7f6408df5000, 16864, PROT_READ|PROT_WRITE, MAP_PRIVATE|MAP_FIXED|MAP_ANONYMOUS, -1, 0) = 0x7f6408df5000
close(3)                                = 0
mmap(NULL, 4096, PROT_READ|PROT_WRITE, MAP_PRIVATE|MAP_ANONYMOUS, -1, 0) = 0x7f6409014000
mmap(NULL, 8192, PROT_READ|PROT_WRITE, MAP_PRIVATE|MAP_ANONYMOUS, -1, 0) = 0x7f6409012000
arch_prctl(ARCH_SET_FS, 0x7f6409012740) = 0
mprotect(0x7f6408def000, 16384, PROT_READ) = 0
mprotect(0x600000, 4096, PROT_READ)     = 0
mprotect(0x7f640901b000, 4096, PROT_READ) = 0
munmap(0x7f6409015000, 20001)           = 0
brk(NULL)                               = 0x12cc000
brk(0x12ed000)                          = 0x12ed000
brk(NULL)                               = 0x12ed000
open("/etc/passwd", O_RDONLY)           = 3
fstat(3, {st_mode=S_IFREG|0644, st_size=986, ...}) = 0
mmap(NULL, 4096, PROT_READ|PROT_WRITE, MAP_PRIVATE|MAP_ANONYMOUS, -1, 0) = 0x7f6409019000
read(3, "root:x:0:0:root:/root:/bin/bash\n"..., 4096) = 986
fstat(1, {st_mode=S_IFCHR|0666, st_rdev=makedev(1, 3), ...}) = 0
ioctl(1, TCGETS, 0x7ffcaf903550)        = -1 ENOTTY (Inappropriate ioctl for device)
mmap(NULL, 4096, PROT_READ|PROT_WRITE, MAP_PRIVATE|MAP_ANONYMOUS, -1, 0) = 0x7f6409018000
read(3, "", 4096)                       = 0
write(1, "root:x:0:0:root:/root:/bin/bashb"..., 983) = 983
exit_group(0)                           = ?
+++ exited with 0 +++
